<?xml version="1.0" encoding="UTF-8"?>
<testng-results ignored="0" total="3" passed="3" failed="0" skipped="0">
  <reporter-output>
  </reporter-output>
  <suite started-at="2022-10-13T11:22:57 IST" name="Local" finished-at="2022-10-13T11:23:14 IST" duration-ms="16219">
    <groups>
    </groups>
    <test started-at="2022-10-13T11:22:57 IST" name="LocalTest-0" finished-at="2022-10-13T11:23:07 IST" duration-ms="9246">
      <class name="com.browserstack.LocalTest">
        <test-method is-config="true" signature="setUp()[pri:0, instance:com.browserstack.LocalTest@3b00856b]" started-at="2022-10-13T11:22:57 IST" name="setUp" finished-at="2022-10-13T11:23:03 IST" duration-ms="5758" status="PASS">
          <reporter-output>
          </reporter-output>
        </test-method> <!-- setUp -->
        <test-method signature="test()[pri:0, instance:com.browserstack.LocalTest@3b00856b]" started-at="2022-10-13T11:23:03 IST" name="test" finished-at="2022-10-13T11:23:04 IST" duration-ms="890" status="PASS">
          <reporter-output>
          </reporter-output>
        </test-method> <!-- test -->
        <test-method is-config="true" signature="tearDown()[pri:0, instance:com.browserstack.LocalTest@3b00856b]" started-at="2022-10-13T11:23:04 IST" name="tearDown" finished-at="2022-10-13T11:23:07 IST" duration-ms="2408" status="PASS">
          <reporter-output>
          </reporter-output>
        </test-method> <!-- tearDown -->
      </class> <!-- com.browserstack.LocalTest -->
    </test> <!-- LocalTest-0 -->
    <test started-at="2022-10-13T11:22:57 IST" name="LocalTest-1" finished-at="2022-10-13T11:23:08 IST" duration-ms="10508">
      <class name="com.browserstack.LocalTest">
        <test-method is-config="true" signature="setUp()[pri:0, instance:com.browserstack.LocalTest@424ebba3]" started-at="2022-10-13T11:22:57 IST" name="setUp" finished-at="2022-10-13T11:23:04 IST" duration-ms="7002" status="PASS">
          <reporter-output>
          </reporter-output>
        </test-method> <!-- setUp -->
        <test-method signature="test()[pri:0, instance:com.browserstack.LocalTest@424ebba3]" started-at="2022-10-13T11:23:04 IST" name="test" finished-at="2022-10-13T11:23:05 IST" duration-ms="850" status="PASS">
          <reporter-output>
          </reporter-output>
        </test-method> <!-- test -->
        <test-method is-config="true" signature="tearDown()[pri:0, instance:com.browserstack.LocalTest@424ebba3]" started-at="2022-10-13T11:23:05 IST" name="tearDown" finished-at="2022-10-13T11:23:08 IST" duration-ms="2478" status="PASS">
          <reporter-output>
          </reporter-output>
        </test-method> <!-- tearDown -->
      </class> <!-- com.browserstack.LocalTest -->
    </test> <!-- LocalTest-1 -->
    <test started-at="2022-10-13T11:22:57 IST" name="LocalTest-2" finished-at="2022-10-13T11:23:14 IST" duration-ms="16219">
      <class name="com.browserstack.LocalTest">
        <test-method is-config="true" signature="setUp()[pri:0, instance:com.browserstack.LocalTest@4d722ac9]" started-at="2022-10-13T11:22:57 IST" name="setUp" finished-at="2022-10-13T11:23:10 IST" duration-ms="12543" status="PASS">
          <reporter-output>
          </reporter-output>
        </test-method> <!-- setUp -->
        <test-method signature="test()[pri:0, instance:com.browserstack.LocalTest@4d722ac9]" started-at="2022-10-13T11:23:10 IST" name="test" finished-at="2022-10-13T11:23:11 IST" duration-ms="989" status="PASS">
          <reporter-output>
          </reporter-output>
        </test-method> <!-- test -->
        <test-method is-config="true" signature="tearDown()[pri:0, instance:com.browserstack.LocalTest@4d722ac9]" started-at="2022-10-13T11:23:11 IST" name="tearDown" finished-at="2022-10-13T11:23:14 IST" duration-ms="2483" status="PASS">
          <reporter-output>
          </reporter-output>
        </test-method> <!-- tearDown -->
      </class> <!-- com.browserstack.LocalTest -->
    </test> <!-- LocalTest-2 -->
  </suite> <!-- Local -->
</testng-results>
